Relatório de Ações do Processo - Mon Aug 26 15:09:10 -03 2024
========================================
[File I/O System Call] restart_syscall(<... resuming interrupted read ...> <detached ...>
 - Descrição: Chamada de sistema relacionada a operações de entrada/saída de arquivos.
----------------------------------------
[Outras Ações] pselect6(0, NULL, NULL, NULL, {tv_sec=455, tv_nsec=423838393}, {sigmask=[], sigsetsize=8} <detached ...>
 - Descrição: Ação não categorizada ou desconhecida.
----------------------------------------
[File I/O System Call] restart_syscall(<... resuming interrupted read ...> <detached ...>
 - Descrição: Chamada de sistema relacionada a operações de entrada/saída de arquivos.
----------------------------------------
[File I/O System Call] read(5,  <detached ...>
 - Descrição: Chamada de sistema relacionada a operações de entrada/saída de arquivos.
----------------------------------------
[Outras Ações] futex(0x55587b0173f4, FUTEX_WAIT_BITSET_PRIVATE|FUTEX_CLOCK_REALTIME, 0, NULL, FUTEX_BITSET_MATCH_ANY <detached ...>
 - Descrição: Ação não categorizada ou desconhecida.
----------------------------------------
[Outras Ações] futex(0x7f6bec000db0, FUTEX_WAIT_BITSET_PRIVATE|FUTEX_CLOCK_REALTIME, 0, NULL, FUTEX_BITSET_MATCH_ANY <detached ...>
 - Descrição: Ação não categorizada ou desconhecida.
----------------------------------------
[Outras Ações] futex(0x7f6bec000db0, FUTEX_WAIT_BITSET_PRIVATE|FUTEX_CLOCK_REALTIME, 0, NULL, FUTEX_BITSET_MATCH_ANY <detached ...>
 - Descrição: Ação não categorizada ou desconhecida.
----------------------------------------
[Outras Ações] futex(0x7f6bec000db0, FUTEX_WAIT_BITSET_PRIVATE|FUTEX_CLOCK_REALTIME, 0, NULL, FUTEX_BITSET_MATCH_ANY <detached ...>
 - Descrição: Ação não categorizada ou desconhecida.
----------------------------------------
[Outras Ações] futex(0x7f6bec000db0, FUTEX_WAIT_BITSET_PRIVATE|FUTEX_CLOCK_REALTIME, 0, NULL, FUTEX_BITSET_MATCH_ANY <detached ...>
 - Descrição: Ação não categorizada ou desconhecida.
----------------------------------------
[Process Management System Call] epoll_wait(7, [{events=EPOLLIN, data={u32=12, u64=140097538228236}}], 9, -1) = 1
 - Descrição: Chamada de sistema relacionada ao gerenciamento de processos.
----------------------------------------
[File I/O System Call] read(12, ".", 262144)                   = 1
 - Descrição: Chamada de sistema relacionada a operações de entrada/saída de arquivos.
----------------------------------------
[Process Management System Call] epoll_wait(7, [], 9, 0)                 = 0
 - Descrição: Chamada de sistema relacionada ao gerenciamento de processos.
----------------------------------------
[Process Management System Call] epoll_wait(7, [{events=EPOLLIN, data={u32=12, u64=140097538228236}}], 9, -1) = 1
 - Descrição: Chamada de sistema relacionada ao gerenciamento de processos.
----------------------------------------
[File I/O System Call] read(12, ".", 262144)                   = 1
 - Descrição: Chamada de sistema relacionada a operações de entrada/saída de arquivos.
----------------------------------------
[Process Management System Call] epoll_wait(7, [], 9, 0)                 = 0
 - Descrição: Chamada de sistema relacionada ao gerenciamento de processos.
----------------------------------------
[Process Management System Call] epoll_wait(7, [{events=EPOLLIN, data={u32=12, u64=140097538228236}}], 9, -1) = 1
 - Descrição: Chamada de sistema relacionada ao gerenciamento de processos.
----------------------------------------
[File I/O System Call] read(12, ".", 262144)                   = 1
 - Descrição: Chamada de sistema relacionada a operações de entrada/saída de arquivos.
----------------------------------------
[Process Management System Call] epoll_wait(7, [], 9, 0)                 = 0
 - Descrição: Chamada de sistema relacionada ao gerenciamento de processos.
----------------------------------------
[Process Management System Call] epoll_wait(7, [{events=EPOLLIN, data={u32=12, u64=140097538228236}}], 9, -1) = 1
 - Descrição: Chamada de sistema relacionada ao gerenciamento de processos.
----------------------------------------
[File I/O System Call] read(12, ".", 262144)                   = 1
 - Descrição: Chamada de sistema relacionada a operações de entrada/saída de arquivos.
----------------------------------------
[Process Management System Call] epoll_wait(7, [], 9, 0)                 = 0
 - Descrição: Chamada de sistema relacionada ao gerenciamento de processos.
----------------------------------------
[Process Management System Call] epoll_wait(7, [{events=EPOLLIN, data={u32=12, u64=140097538228236}}], 9, -1) = 1
 - Descrição: Chamada de sistema relacionada ao gerenciamento de processos.
----------------------------------------
[File I/O System Call] read(12, ".", 262144)                   = 1
 - Descrição: Chamada de sistema relacionada a operações de entrada/saída de arquivos.
----------------------------------------
[Process Management System Call] epoll_wait(7, [], 9, 0)                 = 0
 - Descrição: Chamada de sistema relacionada ao gerenciamento de processos.
----------------------------------------
[Process Management System Call] epoll_wait(7, [{events=EPOLLIN, data={u32=12, u64=140097538228236}}], 9, -1) = 1
 - Descrição: Chamada de sistema relacionada ao gerenciamento de processos.
----------------------------------------
[File I/O System Call] read(12, ".", 262144)                   = 1
 - Descrição: Chamada de sistema relacionada a operações de entrada/saída de arquivos.
----------------------------------------
[Process Management System Call] epoll_wait(7, [], 9, 0)                 = 0
 - Descrição: Chamada de sistema relacionada ao gerenciamento de processos.
----------------------------------------
[Process Management System Call] epoll_wait(7, [{events=EPOLLIN, data={u32=12, u64=140097538228236}}], 9, -1) = 1
 - Descrição: Chamada de sistema relacionada ao gerenciamento de processos.
----------------------------------------
[File I/O System Call] read(12, ".", 262144)                   = 1
 - Descrição: Chamada de sistema relacionada a operações de entrada/saída de arquivos.
----------------------------------------
[Process Management System Call] epoll_wait(7, [], 9, 0)                 = 0
 - Descrição: Chamada de sistema relacionada ao gerenciamento de processos.
----------------------------------------
[Process Management System Call] epoll_wait(7, [{events=EPOLLIN, data={u32=12, u64=140097538228236}}], 9, -1) = 1
 - Descrição: Chamada de sistema relacionada ao gerenciamento de processos.
----------------------------------------
[File I/O System Call] read(12, ".", 262144)                   = 1
 - Descrição: Chamada de sistema relacionada a operações de entrada/saída de arquivos.
----------------------------------------
[Process Management System Call] epoll_wait(7, [], 9, 0)                 = 0
 - Descrição: Chamada de sistema relacionada ao gerenciamento de processos.
----------------------------------------
[Process Management System Call] epoll_wait(7, [{events=EPOLLIN, data={u32=12, u64=140097538228236}}], 9, -1) = 1
 - Descrição: Chamada de sistema relacionada ao gerenciamento de processos.
----------------------------------------
[File I/O System Call] read(12, ".", 262144)                   = 1
 - Descrição: Chamada de sistema relacionada a operações de entrada/saída de arquivos.
----------------------------------------
[Process Management System Call] epoll_wait(7, [], 9, 0)                 = 0
 - Descrição: Chamada de sistema relacionada ao gerenciamento de processos.
----------------------------------------
[Process Management System Call] epoll_wait(7, [{events=EPOLLIN, data={u32=12, u64=140097538228236}}], 9, -1) = 1
 - Descrição: Chamada de sistema relacionada ao gerenciamento de processos.
----------------------------------------
[File I/O System Call] read(12, ".", 262144)                   = 1
 - Descrição: Chamada de sistema relacionada a operações de entrada/saída de arquivos.
----------------------------------------
[Process Management System Call] epoll_wait(7, [], 9, 0)                 = 0
 - Descrição: Chamada de sistema relacionada ao gerenciamento de processos.
----------------------------------------
[Process Management System Call] epoll_wait(7, [{events=EPOLLIN, data={u32=12, u64=140097538228236}}], 9, -1) = 1
 - Descrição: Chamada de sistema relacionada ao gerenciamento de processos.
----------------------------------------
[File I/O System Call] read(12, ".", 262144)                   = 1
 - Descrição: Chamada de sistema relacionada a operações de entrada/saída de arquivos.
----------------------------------------
[Process Management System Call] epoll_wait(7, [], 9, 0)                 = 0
 - Descrição: Chamada de sistema relacionada ao gerenciamento de processos.
----------------------------------------
[Process Management System Call] epoll_wait(7, [{events=EPOLLIN, data={u32=12, u64=140097538228236}}], 9, -1) = 1
 - Descrição: Chamada de sistema relacionada ao gerenciamento de processos.
----------------------------------------
[File I/O System Call] read(12, ".", 262144)                   = 1
 - Descrição: Chamada de sistema relacionada a operações de entrada/saída de arquivos.
----------------------------------------
[Process Management System Call] epoll_wait(7, [], 9, 0)                 = 0
 - Descrição: Chamada de sistema relacionada ao gerenciamento de processos.
----------------------------------------
[Process Management System Call] epoll_wait(7, [{events=EPOLLIN, data={u32=12, u64=140097538228236}}], 9, -1) = 1
 - Descrição: Chamada de sistema relacionada ao gerenciamento de processos.
----------------------------------------
[File I/O System Call] read(12, ".", 262144)                   = 1
 - Descrição: Chamada de sistema relacionada a operações de entrada/saída de arquivos.
----------------------------------------
[Process Management System Call] epoll_wait(7, [], 9, 0)                 = 0
 - Descrição: Chamada de sistema relacionada ao gerenciamento de processos.
----------------------------------------
[Process Management System Call] epoll_wait(7, [{events=EPOLLIN, data={u32=12, u64=140097538228236}}], 9, -1) = 1
 - Descrição: Chamada de sistema relacionada ao gerenciamento de processos.
----------------------------------------
[File I/O System Call] read(12, ".", 262144)                   = 1
 - Descrição: Chamada de sistema relacionada a operações de entrada/saída de arquivos.
----------------------------------------
[Process Management System Call] epoll_wait(7, [], 9, 0)                 = 0
 - Descrição: Chamada de sistema relacionada ao gerenciamento de processos.
----------------------------------------
[Process Management System Call] epoll_wait(7, [{events=EPOLLIN, data={u32=12, u64=140097538228236}}], 9, -1) = 1
 - Descrição: Chamada de sistema relacionada ao gerenciamento de processos.
----------------------------------------
[File I/O System Call] read(12, ".", 262144)                   = 1
 - Descrição: Chamada de sistema relacionada a operações de entrada/saída de arquivos.
----------------------------------------
[Process Management System Call] epoll_wait(7, [], 9, 0)                 = 0
 - Descrição: Chamada de sistema relacionada ao gerenciamento de processos.
----------------------------------------
[Process Management System Call] epoll_wait(7, [{events=EPOLLIN, data={u32=12, u64=140097538228236}}], 9, -1) = 1
 - Descrição: Chamada de sistema relacionada ao gerenciamento de processos.
----------------------------------------
[File I/O System Call] read(12, ".", 262144)                   = 1
 - Descrição: Chamada de sistema relacionada a operações de entrada/saída de arquivos.
----------------------------------------
[Process Management System Call] epoll_wait(7, [], 9, 0)                 = 0
 - Descrição: Chamada de sistema relacionada ao gerenciamento de processos.
----------------------------------------
[Process Management System Call] epoll_wait(7, [{events=EPOLLIN, data={u32=12, u64=140097538228236}}], 9, -1) = 1
 - Descrição: Chamada de sistema relacionada ao gerenciamento de processos.
----------------------------------------
[File I/O System Call] read(12, ".", 262144)                   = 1
 - Descrição: Chamada de sistema relacionada a operações de entrada/saída de arquivos.
----------------------------------------
[Process Management System Call] epoll_wait(7, [], 9, 0)                 = 0
 - Descrição: Chamada de sistema relacionada ao gerenciamento de processos.
----------------------------------------
[Process Management System Call] epoll_wait(7, [{events=EPOLLIN, data={u32=12, u64=140097538228236}}], 9, -1) = 1
 - Descrição: Chamada de sistema relacionada ao gerenciamento de processos.
----------------------------------------
[File I/O System Call] read(12, ".", 262144)                   = 1
 - Descrição: Chamada de sistema relacionada a operações de entrada/saída de arquivos.
----------------------------------------
[Process Management System Call] epoll_wait(7, [], 9, 0)                 = 0
 - Descrição: Chamada de sistema relacionada ao gerenciamento de processos.
----------------------------------------
[Process Management System Call] epoll_wait(7, [{events=EPOLLIN, data={u32=12, u64=140097538228236}}], 9, -1) = 1
 - Descrição: Chamada de sistema relacionada ao gerenciamento de processos.
----------------------------------------
[File I/O System Call] read(12, ".", 262144)                   = 1
 - Descrição: Chamada de sistema relacionada a operações de entrada/saída de arquivos.
----------------------------------------
[Process Management System Call] epoll_wait(7, [], 9, 0)                 = 0
 - Descrição: Chamada de sistema relacionada ao gerenciamento de processos.
----------------------------------------
[Process Management System Call] epoll_wait(7, [{events=EPOLLIN, data={u32=12, u64=140097538228236}}], 9, -1) = 1
 - Descrição: Chamada de sistema relacionada ao gerenciamento de processos.
----------------------------------------
[File I/O System Call] read(12, ".", 262144)                   = 1
 - Descrição: Chamada de sistema relacionada a operações de entrada/saída de arquivos.
----------------------------------------
[Process Management System Call] epoll_wait(7, [], 9, 0)                 = 0
 - Descrição: Chamada de sistema relacionada ao gerenciamento de processos.
----------------------------------------
[Process Management System Call] epoll_wait(7, [{events=EPOLLIN, data={u32=12, u64=140097538228236}}], 9, -1) = 1
 - Descrição: Chamada de sistema relacionada ao gerenciamento de processos.
----------------------------------------
[File I/O System Call] read(12, ".", 262144)                   = 1
 - Descrição: Chamada de sistema relacionada a operações de entrada/saída de arquivos.
----------------------------------------
[Process Management System Call] epoll_wait(7, [], 9, 0)                 = 0
 - Descrição: Chamada de sistema relacionada ao gerenciamento de processos.
----------------------------------------
[Process Management System Call] epoll_wait(7, [{events=EPOLLIN, data={u32=12, u64=140097538228236}}], 9, -1) = 1
 - Descrição: Chamada de sistema relacionada ao gerenciamento de processos.
----------------------------------------
[File I/O System Call] read(12, ".", 262144)                   = 1
 - Descrição: Chamada de sistema relacionada a operações de entrada/saída de arquivos.
----------------------------------------
[Process Management System Call] epoll_wait(7, [], 9, 0)                 = 0
 - Descrição: Chamada de sistema relacionada ao gerenciamento de processos.
----------------------------------------
[Process Management System Call] epoll_wait(7, [{events=EPOLLIN, data={u32=12, u64=140097538228236}}], 9, -1) = 1
 - Descrição: Chamada de sistema relacionada ao gerenciamento de processos.
----------------------------------------
[File I/O System Call] read(12, ".", 262144)                   = 1
 - Descrição: Chamada de sistema relacionada a operações de entrada/saída de arquivos.
----------------------------------------
[Process Management System Call] epoll_wait(7, [], 9, 0)                 = 0
 - Descrição: Chamada de sistema relacionada ao gerenciamento de processos.
----------------------------------------
[Process Management System Call] epoll_wait(7, [{events=EPOLLIN, data={u32=12, u64=140097538228236}}], 9, -1) = 1
 - Descrição: Chamada de sistema relacionada ao gerenciamento de processos.
----------------------------------------
[File I/O System Call] read(12, ".", 262144)                   = 1
 - Descrição: Chamada de sistema relacionada a operações de entrada/saída de arquivos.
----------------------------------------
[Process Management System Call] epoll_wait(7, [], 9, 0)                 = 0
 - Descrição: Chamada de sistema relacionada ao gerenciamento de processos.
----------------------------------------
[Process Management System Call] epoll_wait(7, [{events=EPOLLIN, data={u32=12, u64=140097538228236}}], 9, -1) = 1
 - Descrição: Chamada de sistema relacionada ao gerenciamento de processos.
----------------------------------------
[File I/O System Call] read(12, ".", 262144)                   = 1
 - Descrição: Chamada de sistema relacionada a operações de entrada/saída de arquivos.
----------------------------------------
[Process Management System Call] epoll_wait(7, [], 9, 0)                 = 0
 - Descrição: Chamada de sistema relacionada ao gerenciamento de processos.
----------------------------------------
[Process Management System Call] epoll_wait(7, [{events=EPOLLIN, data={u32=12, u64=140097538228236}}], 9, -1) = 1
 - Descrição: Chamada de sistema relacionada ao gerenciamento de processos.
----------------------------------------
[File I/O System Call] read(12, ".", 262144)                   = 1
 - Descrição: Chamada de sistema relacionada a operações de entrada/saída de arquivos.
----------------------------------------
[Process Management System Call] epoll_wait(7, [], 9, 0)                 = 0
 - Descrição: Chamada de sistema relacionada ao gerenciamento de processos.
----------------------------------------
[Process Management System Call] epoll_wait(7, [{events=EPOLLIN, data={u32=12, u64=140097538228236}}], 9, -1) = 1
 - Descrição: Chamada de sistema relacionada ao gerenciamento de processos.
----------------------------------------
[File I/O System Call] read(12, ".", 262144)                   = 1
 - Descrição: Chamada de sistema relacionada a operações de entrada/saída de arquivos.
----------------------------------------
[Process Management System Call] epoll_wait(7, [], 9, 0)                 = 0
 - Descrição: Chamada de sistema relacionada ao gerenciamento de processos.
----------------------------------------
[Process Management System Call] epoll_wait(7, [{events=EPOLLIN, data={u32=12, u64=140097538228236}}], 9, -1) = 1
 - Descrição: Chamada de sistema relacionada ao gerenciamento de processos.
----------------------------------------
[File I/O System Call] read(12, ".", 262144)                   = 1
 - Descrição: Chamada de sistema relacionada a operações de entrada/saída de arquivos.
----------------------------------------
[Process Management System Call] epoll_wait(7, [], 9, 0)                 = 0
 - Descrição: Chamada de sistema relacionada ao gerenciamento de processos.
----------------------------------------
[Process Management System Call] epoll_wait(7, [{events=EPOLLIN, data={u32=12, u64=140097538228236}}], 9, -1) = 1
 - Descrição: Chamada de sistema relacionada ao gerenciamento de processos.
----------------------------------------
[File I/O System Call] read(12, ".", 262144)                   = 1
 - Descrição: Chamada de sistema relacionada a operações de entrada/saída de arquivos.
----------------------------------------
[Process Management System Call] epoll_wait(7, [], 9, 0)                 = 0
 - Descrição: Chamada de sistema relacionada ao gerenciamento de processos.
----------------------------------------
[Process Management System Call] epoll_wait(7, [{events=EPOLLIN, data={u32=12, u64=140097538228236}}], 9, -1) = 1
 - Descrição: Chamada de sistema relacionada ao gerenciamento de processos.
----------------------------------------
[File I/O System Call] read(12, ".", 262144)                   = 1
 - Descrição: Chamada de sistema relacionada a operações de entrada/saída de arquivos.
----------------------------------------
[Process Management System Call] epoll_wait(7, [], 9, 0)                 = 0
 - Descrição: Chamada de sistema relacionada ao gerenciamento de processos.
----------------------------------------
[Process Management System Call] epoll_wait(7, [{events=EPOLLIN, data={u32=12, u64=140097538228236}}], 9, -1) = 1
 - Descrição: Chamada de sistema relacionada ao gerenciamento de processos.
----------------------------------------
[File I/O System Call] read(12, ".", 262144)                   = 1
 - Descrição: Chamada de sistema relacionada a operações de entrada/saída de arquivos.
----------------------------------------
[Process Management System Call] epoll_wait(7, [], 9, 0)                 = 0
 - Descrição: Chamada de sistema relacionada ao gerenciamento de processos.
----------------------------------------
[Process Management System Call] epoll_wait(7, [{events=EPOLLIN, data={u32=12, u64=140097538228236}}], 9, -1) = 1
 - Descrição: Chamada de sistema relacionada ao gerenciamento de processos.
----------------------------------------
[File I/O System Call] read(12, ".", 262144)                   = 1
 - Descrição: Chamada de sistema relacionada a operações de entrada/saída de arquivos.
----------------------------------------
[Process Management System Call] epoll_wait(7, [], 9, 0)                 = 0
 - Descrição: Chamada de sistema relacionada ao gerenciamento de processos.
----------------------------------------
[Process Management System Call] epoll_wait(7, [{events=EPOLLIN, data={u32=12, u64=140097538228236}}], 9, -1) = 1
 - Descrição: Chamada de sistema relacionada ao gerenciamento de processos.
----------------------------------------
[File I/O System Call] read(12, ".", 262144)                   = 1
 - Descrição: Chamada de sistema relacionada a operações de entrada/saída de arquivos.
----------------------------------------
[Process Management System Call] epoll_wait(7, [], 9, 0)                 = 0
 - Descrição: Chamada de sistema relacionada ao gerenciamento de processos.
----------------------------------------
[Process Management System Call] epoll_wait(7, [{events=EPOLLIN, data={u32=12, u64=140097538228236}}], 9, -1) = 1
 - Descrição: Chamada de sistema relacionada ao gerenciamento de processos.
----------------------------------------
[File I/O System Call] read(12, ".", 262144)                   = 1
 - Descrição: Chamada de sistema relacionada a operações de entrada/saída de arquivos.
----------------------------------------
[Process Management System Call] epoll_wait(7, [], 9, 0)                 = 0
 - Descrição: Chamada de sistema relacionada ao gerenciamento de processos.
----------------------------------------
[Process Management System Call] epoll_wait(7, [{events=EPOLLIN, data={u32=12, u64=140097538228236}}], 9, -1) = 1
 - Descrição: Chamada de sistema relacionada ao gerenciamento de processos.
----------------------------------------
[File I/O System Call] read(12, ".", 262144)                   = 1
 - Descrição: Chamada de sistema relacionada a operações de entrada/saída de arquivos.
----------------------------------------
[Process Management System Call] epoll_wait(7, [], 9, 0)                 = 0
 - Descrição: Chamada de sistema relacionada ao gerenciamento de processos.
----------------------------------------
[Process Management System Call] epoll_wait(7, [{events=EPOLLIN, data={u32=12, u64=140097538228236}}], 9, -1) = 1
 - Descrição: Chamada de sistema relacionada ao gerenciamento de processos.
----------------------------------------
[File I/O System Call] read(12, ".", 262144)                   = 1
 - Descrição: Chamada de sistema relacionada a operações de entrada/saída de arquivos.
----------------------------------------
[Process Management System Call] epoll_wait(7, [], 9, 0)                 = 0
 - Descrição: Chamada de sistema relacionada ao gerenciamento de processos.
----------------------------------------
[Process Management System Call] epoll_wait(7, [{events=EPOLLIN, data={u32=12, u64=140097538228236}}], 9, -1) = 1
 - Descrição: Chamada de sistema relacionada ao gerenciamento de processos.
----------------------------------------
[File I/O System Call] read(12, ".", 262144)                   = 1
 - Descrição: Chamada de sistema relacionada a operações de entrada/saída de arquivos.
----------------------------------------
[Process Management System Call] epoll_wait(7, [], 9, 0)                 = 0
 - Descrição: Chamada de sistema relacionada ao gerenciamento de processos.
----------------------------------------
[Process Management System Call] epoll_wait(7, [{events=EPOLLIN, data={u32=12, u64=140097538228236}}], 9, -1) = 1
 - Descrição: Chamada de sistema relacionada ao gerenciamento de processos.
----------------------------------------
[File I/O System Call] read(12, ".", 262144)                   = 1
 - Descrição: Chamada de sistema relacionada a operações de entrada/saída de arquivos.
----------------------------------------
[Process Management System Call] epoll_wait(7, [], 9, 0)                 = 0
 - Descrição: Chamada de sistema relacionada ao gerenciamento de processos.
----------------------------------------
[Process Management System Call] epoll_wait(7,  <detached ...>
 - Descrição: Chamada de sistema relacionada ao gerenciamento de processos.
----------------------------------------
[Process Management System Call] wait4(478,  <detached ...>
 - Descrição: Chamada de sistema relacionada ao gerenciamento de processos.
----------------------------------------
[Outras Ações] COMMAND  PID   USER   FD   TYPE             DEVICE SIZE/OFF       NODE NAME
 - Descrição: Ação não categorizada ou desconhecida.
----------------------------------------
[File/Network Activity] rsyslogd 207 syslog  cwd    DIR               8,32     4096          2 /
 - Descrição: Atividade de arquivo ou rede capturada pelo lsof.
----------------------------------------
[File/Network Activity] rsyslogd 207 syslog  rtd    DIR               8,32     4096          2 /
 - Descrição: Atividade de arquivo ou rede capturada pelo lsof.
----------------------------------------
[File/Network Activity] rsyslogd 207 syslog  txt    REG               8,32   785600       8746 /usr/sbin/rsyslogd
 - Descrição: Atividade de arquivo ou rede capturada pelo lsof.
----------------------------------------
[File/Network Activity] rsyslogd 207 syslog  mem    REG               8,32   309600       1321 /usr/lib/x86_64-linux-gnu/libnss_systemd.so.2
 - Descrição: Atividade de arquivo ou rede capturada pelo lsof.
----------------------------------------
[File/Network Activity] rsyslogd 207 syslog  mem    REG               8,32    28136       8257 /usr/lib/x86_64-linux-gnu/rsyslog/imklog.so
 - Descrição: Atividade de arquivo ou rede capturada pelo lsof.
----------------------------------------
[File/Network Activity] rsyslogd 207 syslog  mem    REG               8,32    41080       8264 /usr/lib/x86_64-linux-gnu/rsyslog/imuxsock.so
 - Descrição: Atividade de arquivo ou rede capturada pelo lsof.
----------------------------------------
[File/Network Activity] rsyslogd 207 syslog  mem    REG               8,32    31704       8265 /usr/lib/x86_64-linux-gnu/rsyslog/lmnet.so
 - Descrição: Atividade de arquivo ou rede capturada pelo lsof.
----------------------------------------
[File/Network Activity] rsyslogd 207 syslog  mem    REG               8,32   149760       6731 /usr/lib/x86_64-linux-gnu/libgpg-error.so.0.32.1
 - Descrição: Atividade de arquivo ou rede capturada pelo lsof.
----------------------------------------
[File/Network Activity] rsyslogd 207 syslog  mem    REG               8,32  1296312       6711 /usr/lib/x86_64-linux-gnu/libgcrypt.so.20.3.4
 - Descrição: Atividade de arquivo ou rede capturada pelo lsof.
----------------------------------------
[File/Network Activity] rsyslogd 207 syslog  mem    REG               8,32    39024       6646 /usr/lib/x86_64-linux-gnu/libcap.so.2.44
 - Descrição: Atividade de arquivo ou rede capturada pelo lsof.
----------------------------------------
[File/Network Activity] rsyslogd 207 syslog  mem    REG               8,32   125152       6798 /usr/lib/x86_64-linux-gnu/liblz4.so.1.9.3
 - Descrição: Atividade de arquivo ou rede capturada pelo lsof.
----------------------------------------
[File/Network Activity] rsyslogd 207 syslog  mem    REG               8,32   841808       6999 /usr/lib/x86_64-linux-gnu/libzstd.so.1.4.8
 - Descrição: Atividade de arquivo ou rede capturada pelo lsof.
----------------------------------------
[File/Network Activity] rsyslogd 207 syslog  mem    REG               8,32   170456       6800 /usr/lib/x86_64-linux-gnu/liblzma.so.5.2.5
 - Descrição: Atividade de arquivo ou rede capturada pelo lsof.
----------------------------------------
[File/Network Activity] rsyslogd 207 syslog  mem    REG               8,32  2220400       6578 /usr/lib/x86_64-linux-gnu/libc.so.6
 - Descrição: Atividade de arquivo ou rede capturada pelo lsof.
----------------------------------------
[File/Network Activity] rsyslogd 207 syslog  mem    REG               8,32    30936       1655 /usr/lib/x86_64-linux-gnu/libuuid.so.1.3.0
 - Descrição: Atividade de arquivo ou rede capturada pelo lsof.
----------------------------------------
[File/Network Activity] rsyslogd 207 syslog  mem    REG               8,32   807936       1422 /usr/lib/x86_64-linux-gnu/libsystemd.so.0.32.0
 - Descrição: Atividade de arquivo ou rede capturada pelo lsof.
----------------------------------------
[File/Network Activity] rsyslogd 207 syslog  mem    REG               8,32    51816       6696 /usr/lib/x86_64-linux-gnu/libfastjson.so.4.3.0
 - Descrição: Atividade de arquivo ou rede capturada pelo lsof.
----------------------------------------
[File/Network Activity] rsyslogd 207 syslog  mem    REG               8,32    14496       6686 /usr/lib/x86_64-linux-gnu/libestr.so.0.0.0
 - Descrição: Atividade de arquivo ou rede capturada pelo lsof.
----------------------------------------
[File/Network Activity] rsyslogd 207 syslog  mem    REG               8,32   940560       6581 /usr/lib/x86_64-linux-gnu/libm.so.6
 - Descrição: Atividade de arquivo ou rede capturada pelo lsof.
----------------------------------------
[File/Network Activity] rsyslogd 207 syslog  mem    REG               8,32   108936       6997 /usr/lib/x86_64-linux-gnu/libz.so.1.2.11
 - Descrição: Atividade de arquivo ou rede capturada pelo lsof.
----------------------------------------
[File/Network Activity] rsyslogd 207 syslog  mem    REG               8,32   240936       6575 /usr/lib/x86_64-linux-gnu/ld-linux-x86-64.so.2
 - Descrição: Atividade de arquivo ou rede capturada pelo lsof.
----------------------------------------
[Outras Ações] rsyslogd 207 syslog    0r   CHR                1,3      0t0          3 /dev/null
 - Descrição: Ação não categorizada ou desconhecida.
----------------------------------------
[Outras Ações] rsyslogd 207 syslog    1w   CHR                1,3      0t0          3 /dev/null
 - Descrição: Ação não categorizada ou desconhecida.
----------------------------------------
[Outras Ações] rsyslogd 207 syslog    2w   CHR                1,3      0t0          3 /dev/null
 - Descrição: Ação não categorizada ou desconhecida.
----------------------------------------
[Outras Ações] rsyslogd 207 syslog    3u  unix 0xffff88ce80208cc0      0t0      19528 /run/systemd/journal/syslog type=DGRAM
 - Descrição: Ação não categorizada ou desconhecida.
----------------------------------------
[Outras Ações] rsyslogd 207 syslog    4r   CHR                1,9      0t0          7 /dev/urandom
 - Descrição: Ação não categorizada ou desconhecida.
----------------------------------------
[File/Network Activity] rsyslogd 207 syslog    5r   REG               0,63        0 4026532025 /proc/kmsg
 - Descrição: Atividade de arquivo ou rede capturada pelo lsof.
----------------------------------------
[Outras Ações] rsyslogd 207 syslog    6u  unix 0xffff88ce85db0440      0t0      21700 type=DGRAM
 - Descrição: Ação não categorizada ou desconhecida.
----------------------------------------
[File/Network Activity] rsyslogd 207 syslog    7w   REG               8,32    10029       2182 /var/log/syslog
 - Descrição: Atividade de arquivo ou rede capturada pelo lsof.
----------------------------------------
[File/Network Activity] rsyslogd 207 syslog    8w   REG               8,32      837       3660 /var/log/auth.log
 - Descrição: Atividade de arquivo ou rede capturada pelo lsof.
----------------------------------------
[File/Network Activity] rsyslogd 207 syslog    9w   REG               8,32     1754       3659 /var/log/kern.log
 - Descrição: Atividade de arquivo ou rede capturada pelo lsof.
----------------------------------------
[Outras Ações] =======
 - Descrição: Ação não categorizada ou desconhecida.
----------------------------------------
[Outras Ações] COMMAND  PID   USER   FD   TYPE             DEVICE SIZE/OFF       NODE NAME
 - Descrição: Ação não categorizada ou desconhecida.
----------------------------------------
[File/Network Activity] rsyslogd 207 syslog  cwd    DIR               8,32     4096          2 /
 - Descrição: Atividade de arquivo ou rede capturada pelo lsof.
----------------------------------------
[File/Network Activity] rsyslogd 207 syslog  rtd    DIR               8,32     4096          2 /
 - Descrição: Atividade de arquivo ou rede capturada pelo lsof.
----------------------------------------
[File/Network Activity] rsyslogd 207 syslog  txt    REG               8,32   785600       8746 /usr/sbin/rsyslogd
 - Descrição: Atividade de arquivo ou rede capturada pelo lsof.
----------------------------------------
[File/Network Activity] rsyslogd 207 syslog  mem    REG               8,32   309600       1321 /usr/lib/x86_64-linux-gnu/libnss_systemd.so.2
 - Descrição: Atividade de arquivo ou rede capturada pelo lsof.
----------------------------------------
[File/Network Activity] rsyslogd 207 syslog  mem    REG               8,32    28136       8257 /usr/lib/x86_64-linux-gnu/rsyslog/imklog.so
 - Descrição: Atividade de arquivo ou rede capturada pelo lsof.
----------------------------------------
[File/Network Activity] rsyslogd 207 syslog  mem    REG               8,32    41080       8264 /usr/lib/x86_64-linux-gnu/rsyslog/imuxsock.so
 - Descrição: Atividade de arquivo ou rede capturada pelo lsof.
----------------------------------------
[File/Network Activity] rsyslogd 207 syslog  mem    REG               8,32    31704       8265 /usr/lib/x86_64-linux-gnu/rsyslog/lmnet.so
 - Descrição: Atividade de arquivo ou rede capturada pelo lsof.
----------------------------------------
[File/Network Activity] rsyslogd 207 syslog  mem    REG               8,32   149760       6731 /usr/lib/x86_64-linux-gnu/libgpg-error.so.0.32.1
 - Descrição: Atividade de arquivo ou rede capturada pelo lsof.
----------------------------------------
[File/Network Activity] rsyslogd 207 syslog  mem    REG               8,32  1296312       6711 /usr/lib/x86_64-linux-gnu/libgcrypt.so.20.3.4
 - Descrição: Atividade de arquivo ou rede capturada pelo lsof.
----------------------------------------
[File/Network Activity] rsyslogd 207 syslog  mem    REG               8,32    39024       6646 /usr/lib/x86_64-linux-gnu/libcap.so.2.44
 - Descrição: Atividade de arquivo ou rede capturada pelo lsof.
----------------------------------------
[File/Network Activity] rsyslogd 207 syslog  mem    REG               8,32   125152       6798 /usr/lib/x86_64-linux-gnu/liblz4.so.1.9.3
 - Descrição: Atividade de arquivo ou rede capturada pelo lsof.
----------------------------------------
[File/Network Activity] rsyslogd 207 syslog  mem    REG               8,32   841808       6999 /usr/lib/x86_64-linux-gnu/libzstd.so.1.4.8
 - Descrição: Atividade de arquivo ou rede capturada pelo lsof.
----------------------------------------
[File/Network Activity] rsyslogd 207 syslog  mem    REG               8,32   170456       6800 /usr/lib/x86_64-linux-gnu/liblzma.so.5.2.5
 - Descrição: Atividade de arquivo ou rede capturada pelo lsof.
----------------------------------------
[File/Network Activity] rsyslogd 207 syslog  mem    REG               8,32  2220400       6578 /usr/lib/x86_64-linux-gnu/libc.so.6
 - Descrição: Atividade de arquivo ou rede capturada pelo lsof.
----------------------------------------
[File/Network Activity] rsyslogd 207 syslog  mem    REG               8,32    30936       1655 /usr/lib/x86_64-linux-gnu/libuuid.so.1.3.0
 - Descrição: Atividade de arquivo ou rede capturada pelo lsof.
----------------------------------------
[File/Network Activity] rsyslogd 207 syslog  mem    REG               8,32   807936       1422 /usr/lib/x86_64-linux-gnu/libsystemd.so.0.32.0
 - Descrição: Atividade de arquivo ou rede capturada pelo lsof.
----------------------------------------
[File/Network Activity] rsyslogd 207 syslog  mem    REG               8,32    51816       6696 /usr/lib/x86_64-linux-gnu/libfastjson.so.4.3.0
 - Descrição: Atividade de arquivo ou rede capturada pelo lsof.
----------------------------------------
[File/Network Activity] rsyslogd 207 syslog  mem    REG               8,32    14496       6686 /usr/lib/x86_64-linux-gnu/libestr.so.0.0.0
 - Descrição: Atividade de arquivo ou rede capturada pelo lsof.
----------------------------------------
[File/Network Activity] rsyslogd 207 syslog  mem    REG               8,32   940560       6581 /usr/lib/x86_64-linux-gnu/libm.so.6
 - Descrição: Atividade de arquivo ou rede capturada pelo lsof.
----------------------------------------
[File/Network Activity] rsyslogd 207 syslog  mem    REG               8,32   108936       6997 /usr/lib/x86_64-linux-gnu/libz.so.1.2.11
 - Descrição: Atividade de arquivo ou rede capturada pelo lsof.
----------------------------------------
[File/Network Activity] rsyslogd 207 syslog  mem    REG               8,32   240936       6575 /usr/lib/x86_64-linux-gnu/ld-linux-x86-64.so.2
 - Descrição: Atividade de arquivo ou rede capturada pelo lsof.
----------------------------------------
[Outras Ações] rsyslogd 207 syslog    0r   CHR                1,3      0t0          3 /dev/null
 - Descrição: Ação não categorizada ou desconhecida.
----------------------------------------
[Outras Ações] rsyslogd 207 syslog    1w   CHR                1,3      0t0          3 /dev/null
 - Descrição: Ação não categorizada ou desconhecida.
----------------------------------------
[Outras Ações] rsyslogd 207 syslog    2w   CHR                1,3      0t0          3 /dev/null
 - Descrição: Ação não categorizada ou desconhecida.
----------------------------------------
[Outras Ações] rsyslogd 207 syslog    3u  unix 0xffff88ce80208cc0      0t0      19528 /run/systemd/journal/syslog type=DGRAM
 - Descrição: Ação não categorizada ou desconhecida.
----------------------------------------
[Outras Ações] rsyslogd 207 syslog    4r   CHR                1,9      0t0          7 /dev/urandom
 - Descrição: Ação não categorizada ou desconhecida.
----------------------------------------
[File/Network Activity] rsyslogd 207 syslog    5r   REG               0,63        0 4026532025 /proc/kmsg
 - Descrição: Atividade de arquivo ou rede capturada pelo lsof.
----------------------------------------
[Outras Ações] rsyslogd 207 syslog    6u  unix 0xffff88ce85db0440      0t0      21700 type=DGRAM
 - Descrição: Ação não categorizada ou desconhecida.
----------------------------------------
[File/Network Activity] rsyslogd 207 syslog    7w   REG               8,32    10029       2182 /var/log/syslog
 - Descrição: Atividade de arquivo ou rede capturada pelo lsof.
----------------------------------------
[File/Network Activity] rsyslogd 207 syslog    8w   REG               8,32      837       3660 /var/log/auth.log
 - Descrição: Atividade de arquivo ou rede capturada pelo lsof.
----------------------------------------
[File/Network Activity] rsyslogd 207 syslog    9w   REG               8,32     1754       3659 /var/log/kern.log
 - Descrição: Atividade de arquivo ou rede capturada pelo lsof.
----------------------------------------
[Outras Ações] =======
 - Descrição: Ação não categorizada ou desconhecida.
----------------------------------------
[Outras Ações] COMMAND  PID   USER   FD   TYPE             DEVICE SIZE/OFF       NODE NAME
 - Descrição: Ação não categorizada ou desconhecida.
----------------------------------------
[File/Network Activity] rsyslogd 207 syslog  cwd    DIR               8,32     4096          2 /
 - Descrição: Atividade de arquivo ou rede capturada pelo lsof.
----------------------------------------
[File/Network Activity] rsyslogd 207 syslog  rtd    DIR               8,32     4096          2 /
 - Descrição: Atividade de arquivo ou rede capturada pelo lsof.
----------------------------------------
[File/Network Activity] rsyslogd 207 syslog  txt    REG               8,32   785600       8746 /usr/sbin/rsyslogd
 - Descrição: Atividade de arquivo ou rede capturada pelo lsof.
----------------------------------------
[File/Network Activity] rsyslogd 207 syslog  mem    REG               8,32   309600       1321 /usr/lib/x86_64-linux-gnu/libnss_systemd.so.2
 - Descrição: Atividade de arquivo ou rede capturada pelo lsof.
----------------------------------------
[File/Network Activity] rsyslogd 207 syslog  mem    REG               8,32    28136       8257 /usr/lib/x86_64-linux-gnu/rsyslog/imklog.so
 - Descrição: Atividade de arquivo ou rede capturada pelo lsof.
----------------------------------------
[File/Network Activity] rsyslogd 207 syslog  mem    REG               8,32    41080       8264 /usr/lib/x86_64-linux-gnu/rsyslog/imuxsock.so
 - Descrição: Atividade de arquivo ou rede capturada pelo lsof.
----------------------------------------
[File/Network Activity] rsyslogd 207 syslog  mem    REG               8,32    31704       8265 /usr/lib/x86_64-linux-gnu/rsyslog/lmnet.so
 - Descrição: Atividade de arquivo ou rede capturada pelo lsof.
----------------------------------------
[File/Network Activity] rsyslogd 207 syslog  mem    REG               8,32   149760       6731 /usr/lib/x86_64-linux-gnu/libgpg-error.so.0.32.1
 - Descrição: Atividade de arquivo ou rede capturada pelo lsof.
----------------------------------------
[File/Network Activity] rsyslogd 207 syslog  mem    REG               8,32  1296312       6711 /usr/lib/x86_64-linux-gnu/libgcrypt.so.20.3.4
 - Descrição: Atividade de arquivo ou rede capturada pelo lsof.
----------------------------------------
[File/Network Activity] rsyslogd 207 syslog  mem    REG               8,32    39024       6646 /usr/lib/x86_64-linux-gnu/libcap.so.2.44
 - Descrição: Atividade de arquivo ou rede capturada pelo lsof.
----------------------------------------
[File/Network Activity] rsyslogd 207 syslog  mem    REG               8,32   125152       6798 /usr/lib/x86_64-linux-gnu/liblz4.so.1.9.3
 - Descrição: Atividade de arquivo ou rede capturada pelo lsof.
----------------------------------------
[File/Network Activity] rsyslogd 207 syslog  mem    REG               8,32   841808       6999 /usr/lib/x86_64-linux-gnu/libzstd.so.1.4.8
 - Descrição: Atividade de arquivo ou rede capturada pelo lsof.
----------------------------------------
[File/Network Activity] rsyslogd 207 syslog  mem    REG               8,32   170456       6800 /usr/lib/x86_64-linux-gnu/liblzma.so.5.2.5
 - Descrição: Atividade de arquivo ou rede capturada pelo lsof.
----------------------------------------
[File/Network Activity] rsyslogd 207 syslog  mem    REG               8,32  2220400       6578 /usr/lib/x86_64-linux-gnu/libc.so.6
 - Descrição: Atividade de arquivo ou rede capturada pelo lsof.
----------------------------------------
[File/Network Activity] rsyslogd 207 syslog  mem    REG               8,32    30936       1655 /usr/lib/x86_64-linux-gnu/libuuid.so.1.3.0
 - Descrição: Atividade de arquivo ou rede capturada pelo lsof.
----------------------------------------
[File/Network Activity] rsyslogd 207 syslog  mem    REG               8,32   807936       1422 /usr/lib/x86_64-linux-gnu/libsystemd.so.0.32.0
 - Descrição: Atividade de arquivo ou rede capturada pelo lsof.
----------------------------------------
[File/Network Activity] rsyslogd 207 syslog  mem    REG               8,32    51816       6696 /usr/lib/x86_64-linux-gnu/libfastjson.so.4.3.0
 - Descrição: Atividade de arquivo ou rede capturada pelo lsof.
----------------------------------------
[File/Network Activity] rsyslogd 207 syslog  mem    REG               8,32    14496       6686 /usr/lib/x86_64-linux-gnu/libestr.so.0.0.0
 - Descrição: Atividade de arquivo ou rede capturada pelo lsof.
----------------------------------------
[File/Network Activity] rsyslogd 207 syslog  mem    REG               8,32   940560       6581 /usr/lib/x86_64-linux-gnu/libm.so.6
 - Descrição: Atividade de arquivo ou rede capturada pelo lsof.
----------------------------------------
[File/Network Activity] rsyslogd 207 syslog  mem    REG               8,32   108936       6997 /usr/lib/x86_64-linux-gnu/libz.so.1.2.11
 - Descrição: Atividade de arquivo ou rede capturada pelo lsof.
----------------------------------------
[File/Network Activity] rsyslogd 207 syslog  mem    REG               8,32   240936       6575 /usr/lib/x86_64-linux-gnu/ld-linux-x86-64.so.2
 - Descrição: Atividade de arquivo ou rede capturada pelo lsof.
----------------------------------------
[Outras Ações] rsyslogd 207 syslog    0r   CHR                1,3      0t0          3 /dev/null
 - Descrição: Ação não categorizada ou desconhecida.
----------------------------------------
[Outras Ações] rsyslogd 207 syslog    1w   CHR                1,3      0t0          3 /dev/null
 - Descrição: Ação não categorizada ou desconhecida.
----------------------------------------
[Outras Ações] rsyslogd 207 syslog    2w   CHR                1,3      0t0          3 /dev/null
 - Descrição: Ação não categorizada ou desconhecida.
----------------------------------------
[Outras Ações] rsyslogd 207 syslog    3u  unix 0xffff88ce80208cc0      0t0      19528 /run/systemd/journal/syslog type=DGRAM
 - Descrição: Ação não categorizada ou desconhecida.
----------------------------------------
[Outras Ações] rsyslogd 207 syslog    4r   CHR                1,9      0t0          7 /dev/urandom
 - Descrição: Ação não categorizada ou desconhecida.
----------------------------------------
[File/Network Activity] rsyslogd 207 syslog    5r   REG               0,63        0 4026532025 /proc/kmsg
 - Descrição: Atividade de arquivo ou rede capturada pelo lsof.
----------------------------------------
[Outras Ações] rsyslogd 207 syslog    6u  unix 0xffff88ce85db0440      0t0      21700 type=DGRAM
 - Descrição: Ação não categorizada ou desconhecida.
----------------------------------------
[File/Network Activity] rsyslogd 207 syslog    7w   REG               8,32    10029       2182 /var/log/syslog
 - Descrição: Atividade de arquivo ou rede capturada pelo lsof.
----------------------------------------
[File/Network Activity] rsyslogd 207 syslog    8w   REG               8,32      837       3660 /var/log/auth.log
 - Descrição: Atividade de arquivo ou rede capturada pelo lsof.
----------------------------------------
[File/Network Activity] rsyslogd 207 syslog    9w   REG               8,32     1754       3659 /var/log/kern.log
 - Descrição: Atividade de arquivo ou rede capturada pelo lsof.
----------------------------------------
[Outras Ações] =======
 - Descrição: Ação não categorizada ou desconhecida.
----------------------------------------
[Outras Ações] COMMAND  PID   USER   FD   TYPE             DEVICE SIZE/OFF       NODE NAME
 - Descrição: Ação não categorizada ou desconhecida.
----------------------------------------
[File/Network Activity] rsyslogd 207 syslog  cwd    DIR               8,32     4096          2 /
 - Descrição: Atividade de arquivo ou rede capturada pelo lsof.
----------------------------------------
[File/Network Activity] rsyslogd 207 syslog  rtd    DIR               8,32     4096          2 /
 - Descrição: Atividade de arquivo ou rede capturada pelo lsof.
----------------------------------------
[File/Network Activity] rsyslogd 207 syslog  txt    REG               8,32   785600       8746 /usr/sbin/rsyslogd
 - Descrição: Atividade de arquivo ou rede capturada pelo lsof.
----------------------------------------
[File/Network Activity] rsyslogd 207 syslog  mem    REG               8,32   309600       1321 /usr/lib/x86_64-linux-gnu/libnss_systemd.so.2
 - Descrição: Atividade de arquivo ou rede capturada pelo lsof.
----------------------------------------
[File/Network Activity] rsyslogd 207 syslog  mem    REG               8,32    28136       8257 /usr/lib/x86_64-linux-gnu/rsyslog/imklog.so
 - Descrição: Atividade de arquivo ou rede capturada pelo lsof.
----------------------------------------
[File/Network Activity] rsyslogd 207 syslog  mem    REG               8,32    41080       8264 /usr/lib/x86_64-linux-gnu/rsyslog/imuxsock.so
 - Descrição: Atividade de arquivo ou rede capturada pelo lsof.
----------------------------------------
[File/Network Activity] rsyslogd 207 syslog  mem    REG               8,32    31704       8265 /usr/lib/x86_64-linux-gnu/rsyslog/lmnet.so
 - Descrição: Atividade de arquivo ou rede capturada pelo lsof.
----------------------------------------
[File/Network Activity] rsyslogd 207 syslog  mem    REG               8,32   149760       6731 /usr/lib/x86_64-linux-gnu/libgpg-error.so.0.32.1
 - Descrição: Atividade de arquivo ou rede capturada pelo lsof.
----------------------------------------
[File/Network Activity] rsyslogd 207 syslog  mem    REG               8,32  1296312       6711 /usr/lib/x86_64-linux-gnu/libgcrypt.so.20.3.4
 - Descrição: Atividade de arquivo ou rede capturada pelo lsof.
----------------------------------------
[File/Network Activity] rsyslogd 207 syslog  mem    REG               8,32    39024       6646 /usr/lib/x86_64-linux-gnu/libcap.so.2.44
 - Descrição: Atividade de arquivo ou rede capturada pelo lsof.
----------------------------------------
[File/Network Activity] rsyslogd 207 syslog  mem    REG               8,32   125152       6798 /usr/lib/x86_64-linux-gnu/liblz4.so.1.9.3
 - Descrição: Atividade de arquivo ou rede capturada pelo lsof.
----------------------------------------
[File/Network Activity] rsyslogd 207 syslog  mem    REG               8,32   841808       6999 /usr/lib/x86_64-linux-gnu/libzstd.so.1.4.8
 - Descrição: Atividade de arquivo ou rede capturada pelo lsof.
----------------------------------------
[File/Network Activity] rsyslogd 207 syslog  mem    REG               8,32   170456       6800 /usr/lib/x86_64-linux-gnu/liblzma.so.5.2.5
 - Descrição: Atividade de arquivo ou rede capturada pelo lsof.
----------------------------------------
[File/Network Activity] rsyslogd 207 syslog  mem    REG               8,32  2220400       6578 /usr/lib/x86_64-linux-gnu/libc.so.6
 - Descrição: Atividade de arquivo ou rede capturada pelo lsof.
----------------------------------------
[File/Network Activity] rsyslogd 207 syslog  mem    REG               8,32    30936       1655 /usr/lib/x86_64-linux-gnu/libuuid.so.1.3.0
 - Descrição: Atividade de arquivo ou rede capturada pelo lsof.
----------------------------------------
[File/Network Activity] rsyslogd 207 syslog  mem    REG               8,32   807936       1422 /usr/lib/x86_64-linux-gnu/libsystemd.so.0.32.0
 - Descrição: Atividade de arquivo ou rede capturada pelo lsof.
----------------------------------------
[File/Network Activity] rsyslogd 207 syslog  mem    REG               8,32    51816       6696 /usr/lib/x86_64-linux-gnu/libfastjson.so.4.3.0
 - Descrição: Atividade de arquivo ou rede capturada pelo lsof.
----------------------------------------
[File/Network Activity] rsyslogd 207 syslog  mem    REG               8,32    14496       6686 /usr/lib/x86_64-linux-gnu/libestr.so.0.0.0
 - Descrição: Atividade de arquivo ou rede capturada pelo lsof.
----------------------------------------
[File/Network Activity] rsyslogd 207 syslog  mem    REG               8,32   940560       6581 /usr/lib/x86_64-linux-gnu/libm.so.6
 - Descrição: Atividade de arquivo ou rede capturada pelo lsof.
----------------------------------------
[File/Network Activity] rsyslogd 207 syslog  mem    REG               8,32   108936       6997 /usr/lib/x86_64-linux-gnu/libz.so.1.2.11
 - Descrição: Atividade de arquivo ou rede capturada pelo lsof.
----------------------------------------
[File/Network Activity] rsyslogd 207 syslog  mem    REG               8,32   240936       6575 /usr/lib/x86_64-linux-gnu/ld-linux-x86-64.so.2
 - Descrição: Atividade de arquivo ou rede capturada pelo lsof.
----------------------------------------
[Outras Ações] rsyslogd 207 syslog    0r   CHR                1,3      0t0          3 /dev/null
 - Descrição: Ação não categorizada ou desconhecida.
----------------------------------------
[Outras Ações] rsyslogd 207 syslog    1w   CHR                1,3      0t0          3 /dev/null
 - Descrição: Ação não categorizada ou desconhecida.
----------------------------------------
[Outras Ações] rsyslogd 207 syslog    2w   CHR                1,3      0t0          3 /dev/null
 - Descrição: Ação não categorizada ou desconhecida.
----------------------------------------
[Outras Ações] rsyslogd 207 syslog    3u  unix 0xffff88ce80208cc0      0t0      19528 /run/systemd/journal/syslog type=DGRAM
 - Descrição: Ação não categorizada ou desconhecida.
----------------------------------------
[Outras Ações] rsyslogd 207 syslog    4r   CHR                1,9      0t0          7 /dev/urandom
 - Descrição: Ação não categorizada ou desconhecida.
----------------------------------------
[File/Network Activity] rsyslogd 207 syslog    5r   REG               0,63        0 4026532025 /proc/kmsg
 - Descrição: Atividade de arquivo ou rede capturada pelo lsof.
----------------------------------------
[Outras Ações] rsyslogd 207 syslog    6u  unix 0xffff88ce85db0440      0t0      21700 type=DGRAM
 - Descrição: Ação não categorizada ou desconhecida.
----------------------------------------
[File/Network Activity] rsyslogd 207 syslog    7w   REG               8,32    10029       2182 /var/log/syslog
 - Descrição: Atividade de arquivo ou rede capturada pelo lsof.
----------------------------------------
[File/Network Activity] rsyslogd 207 syslog    8w   REG               8,32      837       3660 /var/log/auth.log
 - Descrição: Atividade de arquivo ou rede capturada pelo lsof.
----------------------------------------
[File/Network Activity] rsyslogd 207 syslog    9w   REG               8,32     1754       3659 /var/log/kern.log
 - Descrição: Atividade de arquivo ou rede capturada pelo lsof.
----------------------------------------
[Outras Ações] =======
 - Descrição: Ação não categorizada ou desconhecida.
----------------------------------------
[Outras Ações] COMMAND  PID   USER   FD   TYPE             DEVICE SIZE/OFF       NODE NAME
 - Descrição: Ação não categorizada ou desconhecida.
----------------------------------------
[File/Network Activity] rsyslogd 207 syslog  cwd    DIR               8,32     4096          2 /
 - Descrição: Atividade de arquivo ou rede capturada pelo lsof.
----------------------------------------
[File/Network Activity] rsyslogd 207 syslog  rtd    DIR               8,32     4096          2 /
 - Descrição: Atividade de arquivo ou rede capturada pelo lsof.
----------------------------------------
[File/Network Activity] rsyslogd 207 syslog  txt    REG               8,32   785600       8746 /usr/sbin/rsyslogd
 - Descrição: Atividade de arquivo ou rede capturada pelo lsof.
----------------------------------------
[File/Network Activity] rsyslogd 207 syslog  mem    REG               8,32   309600       1321 /usr/lib/x86_64-linux-gnu/libnss_systemd.so.2
 - Descrição: Atividade de arquivo ou rede capturada pelo lsof.
----------------------------------------
[File/Network Activity] rsyslogd 207 syslog  mem    REG               8,32    28136       8257 /usr/lib/x86_64-linux-gnu/rsyslog/imklog.so
 - Descrição: Atividade de arquivo ou rede capturada pelo lsof.
----------------------------------------
[File/Network Activity] rsyslogd 207 syslog  mem    REG               8,32    41080       8264 /usr/lib/x86_64-linux-gnu/rsyslog/imuxsock.so
 - Descrição: Atividade de arquivo ou rede capturada pelo lsof.
----------------------------------------
[File/Network Activity] rsyslogd 207 syslog  mem    REG               8,32    31704       8265 /usr/lib/x86_64-linux-gnu/rsyslog/lmnet.so
 - Descrição: Atividade de arquivo ou rede capturada pelo lsof.
----------------------------------------
[File/Network Activity] rsyslogd 207 syslog  mem    REG               8,32   149760       6731 /usr/lib/x86_64-linux-gnu/libgpg-error.so.0.32.1
 - Descrição: Atividade de arquivo ou rede capturada pelo lsof.
----------------------------------------
[File/Network Activity] rsyslogd 207 syslog  mem    REG               8,32  1296312       6711 /usr/lib/x86_64-linux-gnu/libgcrypt.so.20.3.4
 - Descrição: Atividade de arquivo ou rede capturada pelo lsof.
----------------------------------------
[File/Network Activity] rsyslogd 207 syslog  mem    REG               8,32    39024       6646 /usr/lib/x86_64-linux-gnu/libcap.so.2.44
 - Descrição: Atividade de arquivo ou rede capturada pelo lsof.
----------------------------------------
[File/Network Activity] rsyslogd 207 syslog  mem    REG               8,32   125152       6798 /usr/lib/x86_64-linux-gnu/liblz4.so.1.9.3
 - Descrição: Atividade de arquivo ou rede capturada pelo lsof.
----------------------------------------
[File/Network Activity] rsyslogd 207 syslog  mem    REG               8,32   841808       6999 /usr/lib/x86_64-linux-gnu/libzstd.so.1.4.8
 - Descrição: Atividade de arquivo ou rede capturada pelo lsof.
----------------------------------------
[File/Network Activity] rsyslogd 207 syslog  mem    REG               8,32   170456       6800 /usr/lib/x86_64-linux-gnu/liblzma.so.5.2.5
 - Descrição: Atividade de arquivo ou rede capturada pelo lsof.
----------------------------------------
[File/Network Activity] rsyslogd 207 syslog  mem    REG               8,32  2220400       6578 /usr/lib/x86_64-linux-gnu/libc.so.6
 - Descrição: Atividade de arquivo ou rede capturada pelo lsof.
----------------------------------------
[File/Network Activity] rsyslogd 207 syslog  mem    REG               8,32    30936       1655 /usr/lib/x86_64-linux-gnu/libuuid.so.1.3.0
 - Descrição: Atividade de arquivo ou rede capturada pelo lsof.
----------------------------------------
[File/Network Activity] rsyslogd 207 syslog  mem    REG               8,32   807936       1422 /usr/lib/x86_64-linux-gnu/libsystemd.so.0.32.0
 - Descrição: Atividade de arquivo ou rede capturada pelo lsof.
----------------------------------------
[File/Network Activity] rsyslogd 207 syslog  mem    REG               8,32    51816       6696 /usr/lib/x86_64-linux-gnu/libfastjson.so.4.3.0
 - Descrição: Atividade de arquivo ou rede capturada pelo lsof.
----------------------------------------
[File/Network Activity] rsyslogd 207 syslog  mem    REG               8,32    14496       6686 /usr/lib/x86_64-linux-gnu/libestr.so.0.0.0
 - Descrição: Atividade de arquivo ou rede capturada pelo lsof.
----------------------------------------
[File/Network Activity] rsyslogd 207 syslog  mem    REG               8,32   940560       6581 /usr/lib/x86_64-linux-gnu/libm.so.6
 - Descrição: Atividade de arquivo ou rede capturada pelo lsof.
----------------------------------------
[File/Network Activity] rsyslogd 207 syslog  mem    REG               8,32   108936       6997 /usr/lib/x86_64-linux-gnu/libz.so.1.2.11
 - Descrição: Atividade de arquivo ou rede capturada pelo lsof.
----------------------------------------
[File/Network Activity] rsyslogd 207 syslog  mem    REG               8,32   240936       6575 /usr/lib/x86_64-linux-gnu/ld-linux-x86-64.so.2
 - Descrição: Atividade de arquivo ou rede capturada pelo lsof.
----------------------------------------
[Outras Ações] rsyslogd 207 syslog    0r   CHR                1,3      0t0          3 /dev/null
 - Descrição: Ação não categorizada ou desconhecida.
----------------------------------------
[Outras Ações] rsyslogd 207 syslog    1w   CHR                1,3      0t0          3 /dev/null
 - Descrição: Ação não categorizada ou desconhecida.
----------------------------------------
[Outras Ações] rsyslogd 207 syslog    2w   CHR                1,3      0t0          3 /dev/null
 - Descrição: Ação não categorizada ou desconhecida.
----------------------------------------
[Outras Ações] rsyslogd 207 syslog    3u  unix 0xffff88ce80208cc0      0t0      19528 /run/systemd/journal/syslog type=DGRAM
 - Descrição: Ação não categorizada ou desconhecida.
----------------------------------------
[Outras Ações] rsyslogd 207 syslog    4r   CHR                1,9      0t0          7 /dev/urandom
 - Descrição: Ação não categorizada ou desconhecida.
----------------------------------------
[File/Network Activity] rsyslogd 207 syslog    5r   REG               0,63        0 4026532025 /proc/kmsg
 - Descrição: Atividade de arquivo ou rede capturada pelo lsof.
----------------------------------------
[Outras Ações] rsyslogd 207 syslog    6u  unix 0xffff88ce85db0440      0t0      21700 type=DGRAM
 - Descrição: Ação não categorizada ou desconhecida.
----------------------------------------
[File/Network Activity] rsyslogd 207 syslog    7w   REG               8,32    10029       2182 /var/log/syslog
 - Descrição: Atividade de arquivo ou rede capturada pelo lsof.
----------------------------------------
[File/Network Activity] rsyslogd 207 syslog    8w   REG               8,32      837       3660 /var/log/auth.log
 - Descrição: Atividade de arquivo ou rede capturada pelo lsof.
----------------------------------------
[File/Network Activity] rsyslogd 207 syslog    9w   REG               8,32     1754       3659 /var/log/kern.log
 - Descrição: Atividade de arquivo ou rede capturada pelo lsof.
----------------------------------------
[Outras Ações] =======
 - Descrição: Ação não categorizada ou desconhecida.
----------------------------------------
[Outras Ações] COMMAND  PID   USER   FD   TYPE             DEVICE SIZE/OFF       NODE NAME
 - Descrição: Ação não categorizada ou desconhecida.
----------------------------------------
[File/Network Activity] rsyslogd 207 syslog  cwd    DIR               8,32     4096          2 /
 - Descrição: Atividade de arquivo ou rede capturada pelo lsof.
----------------------------------------
[File/Network Activity] rsyslogd 207 syslog  rtd    DIR               8,32     4096          2 /
 - Descrição: Atividade de arquivo ou rede capturada pelo lsof.
----------------------------------------
[File/Network Activity] rsyslogd 207 syslog  txt    REG               8,32   785600       8746 /usr/sbin/rsyslogd
 - Descrição: Atividade de arquivo ou rede capturada pelo lsof.
----------------------------------------
[File/Network Activity] rsyslogd 207 syslog  mem    REG               8,32   309600       1321 /usr/lib/x86_64-linux-gnu/libnss_systemd.so.2
 - Descrição: Atividade de arquivo ou rede capturada pelo lsof.
----------------------------------------
[File/Network Activity] rsyslogd 207 syslog  mem    REG               8,32    28136       8257 /usr/lib/x86_64-linux-gnu/rsyslog/imklog.so
 - Descrição: Atividade de arquivo ou rede capturada pelo lsof.
----------------------------------------
[File/Network Activity] rsyslogd 207 syslog  mem    REG               8,32    41080       8264 /usr/lib/x86_64-linux-gnu/rsyslog/imuxsock.so
 - Descrição: Atividade de arquivo ou rede capturada pelo lsof.
----------------------------------------
[File/Network Activity] rsyslogd 207 syslog  mem    REG               8,32    31704       8265 /usr/lib/x86_64-linux-gnu/rsyslog/lmnet.so
 - Descrição: Atividade de arquivo ou rede capturada pelo lsof.
----------------------------------------
[File/Network Activity] rsyslogd 207 syslog  mem    REG               8,32   149760       6731 /usr/lib/x86_64-linux-gnu/libgpg-error.so.0.32.1
 - Descrição: Atividade de arquivo ou rede capturada pelo lsof.
----------------------------------------
[File/Network Activity] rsyslogd 207 syslog  mem    REG               8,32  1296312       6711 /usr/lib/x86_64-linux-gnu/libgcrypt.so.20.3.4
 - Descrição: Atividade de arquivo ou rede capturada pelo lsof.
----------------------------------------
[File/Network Activity] rsyslogd 207 syslog  mem    REG               8,32    39024       6646 /usr/lib/x86_64-linux-gnu/libcap.so.2.44
 - Descrição: Atividade de arquivo ou rede capturada pelo lsof.
----------------------------------------
[File/Network Activity] rsyslogd 207 syslog  mem    REG               8,32   125152       6798 /usr/lib/x86_64-linux-gnu/liblz4.so.1.9.3
 - Descrição: Atividade de arquivo ou rede capturada pelo lsof.
----------------------------------------
[File/Network Activity] rsyslogd 207 syslog  mem    REG               8,32   841808       6999 /usr/lib/x86_64-linux-gnu/libzstd.so.1.4.8
 - Descrição: Atividade de arquivo ou rede capturada pelo lsof.
----------------------------------------
[File/Network Activity] rsyslogd 207 syslog  mem    REG               8,32   170456       6800 /usr/lib/x86_64-linux-gnu/liblzma.so.5.2.5
 - Descrição: Atividade de arquivo ou rede capturada pelo lsof.
----------------------------------------
[File/Network Activity] rsyslogd 207 syslog  mem    REG               8,32  2220400       6578 /usr/lib/x86_64-linux-gnu/libc.so.6
 - Descrição: Atividade de arquivo ou rede capturada pelo lsof.
----------------------------------------
[File/Network Activity] rsyslogd 207 syslog  mem    REG               8,32    30936       1655 /usr/lib/x86_64-linux-gnu/libuuid.so.1.3.0
 - Descrição: Atividade de arquivo ou rede capturada pelo lsof.
----------------------------------------
[File/Network Activity] rsyslogd 207 syslog  mem    REG               8,32   807936       1422 /usr/lib/x86_64-linux-gnu/libsystemd.so.0.32.0
 - Descrição: Atividade de arquivo ou rede capturada pelo lsof.
----------------------------------------
[File/Network Activity] rsyslogd 207 syslog  mem    REG               8,32    51816       6696 /usr/lib/x86_64-linux-gnu/libfastjson.so.4.3.0
 - Descrição: Atividade de arquivo ou rede capturada pelo lsof.
----------------------------------------
[File/Network Activity] rsyslogd 207 syslog  mem    REG               8,32    14496       6686 /usr/lib/x86_64-linux-gnu/libestr.so.0.0.0
 - Descrição: Atividade de arquivo ou rede capturada pelo lsof.
----------------------------------------
[File/Network Activity] rsyslogd 207 syslog  mem    REG               8,32   940560       6581 /usr/lib/x86_64-linux-gnu/libm.so.6
 - Descrição: Atividade de arquivo ou rede capturada pelo lsof.
----------------------------------------
[File/Network Activity] rsyslogd 207 syslog  mem    REG               8,32   108936       6997 /usr/lib/x86_64-linux-gnu/libz.so.1.2.11
 - Descrição: Atividade de arquivo ou rede capturada pelo lsof.
----------------------------------------
[File/Network Activity] rsyslogd 207 syslog  mem    REG               8,32   240936       6575 /usr/lib/x86_64-linux-gnu/ld-linux-x86-64.so.2
 - Descrição: Atividade de arquivo ou rede capturada pelo lsof.
----------------------------------------
[Outras Ações] rsyslogd 207 syslog    0r   CHR                1,3      0t0          3 /dev/null
 - Descrição: Ação não categorizada ou desconhecida.
----------------------------------------
[Outras Ações] rsyslogd 207 syslog    1w   CHR                1,3      0t0          3 /dev/null
 - Descrição: Ação não categorizada ou desconhecida.
----------------------------------------
[Outras Ações] rsyslogd 207 syslog    2w   CHR                1,3      0t0          3 /dev/null
 - Descrição: Ação não categorizada ou desconhecida.
----------------------------------------
[Outras Ações] rsyslogd 207 syslog    3u  unix 0xffff88ce80208cc0      0t0      19528 /run/systemd/journal/syslog type=DGRAM
 - Descrição: Ação não categorizada ou desconhecida.
----------------------------------------
[Outras Ações] rsyslogd 207 syslog    4r   CHR                1,9      0t0          7 /dev/urandom
 - Descrição: Ação não categorizada ou desconhecida.
----------------------------------------
[File/Network Activity] rsyslogd 207 syslog    5r   REG               0,63        0 4026532025 /proc/kmsg
 - Descrição: Atividade de arquivo ou rede capturada pelo lsof.
----------------------------------------
[Outras Ações] rsyslogd 207 syslog    6u  unix 0xffff88ce85db0440      0t0      21700 type=DGRAM
 - Descrição: Ação não categorizada ou desconhecida.
----------------------------------------
[File/Network Activity] rsyslogd 207 syslog    7w   REG               8,32    10029       2182 /var/log/syslog
 - Descrição: Atividade de arquivo ou rede capturada pelo lsof.
----------------------------------------
[File/Network Activity] rsyslogd 207 syslog    8w   REG               8,32      837       3660 /var/log/auth.log
 - Descrição: Atividade de arquivo ou rede capturada pelo lsof.
----------------------------------------
[File/Network Activity] rsyslogd 207 syslog    9w   REG               8,32     1754       3659 /var/log/kern.log
 - Descrição: Atividade de arquivo ou rede capturada pelo lsof.
----------------------------------------
[Outras Ações] =======
 - Descrição: Ação não categorizada ou desconhecida.
----------------------------------------
[Outras Ações] COMMAND  PID   USER   FD   TYPE             DEVICE SIZE/OFF       NODE NAME
 - Descrição: Ação não categorizada ou desconhecida.
----------------------------------------
[File/Network Activity] rsyslogd 207 syslog  cwd    DIR               8,32     4096          2 /
 - Descrição: Atividade de arquivo ou rede capturada pelo lsof.
----------------------------------------
[File/Network Activity] rsyslogd 207 syslog  rtd    DIR               8,32     4096          2 /
 - Descrição: Atividade de arquivo ou rede capturada pelo lsof.
----------------------------------------
[File/Network Activity] rsyslogd 207 syslog  txt    REG               8,32   785600       8746 /usr/sbin/rsyslogd
 - Descrição: Atividade de arquivo ou rede capturada pelo lsof.
----------------------------------------
[File/Network Activity] rsyslogd 207 syslog  mem    REG               8,32   309600       1321 /usr/lib/x86_64-linux-gnu/libnss_systemd.so.2
 - Descrição: Atividade de arquivo ou rede capturada pelo lsof.
----------------------------------------
[File/Network Activity] rsyslogd 207 syslog  mem    REG               8,32    28136       8257 /usr/lib/x86_64-linux-gnu/rsyslog/imklog.so
 - Descrição: Atividade de arquivo ou rede capturada pelo lsof.
----------------------------------------
[File/Network Activity] rsyslogd 207 syslog  mem    REG               8,32    41080       8264 /usr/lib/x86_64-linux-gnu/rsyslog/imuxsock.so
 - Descrição: Atividade de arquivo ou rede capturada pelo lsof.
----------------------------------------
[File/Network Activity] rsyslogd 207 syslog  mem    REG               8,32    31704       8265 /usr/lib/x86_64-linux-gnu/rsyslog/lmnet.so
 - Descrição: Atividade de arquivo ou rede capturada pelo lsof.
----------------------------------------
[File/Network Activity] rsyslogd 207 syslog  mem    REG               8,32   149760       6731 /usr/lib/x86_64-linux-gnu/libgpg-error.so.0.32.1
 - Descrição: Atividade de arquivo ou rede capturada pelo lsof.
----------------------------------------
[File/Network Activity] rsyslogd 207 syslog  mem    REG               8,32  1296312       6711 /usr/lib/x86_64-linux-gnu/libgcrypt.so.20.3.4
 - Descrição: Atividade de arquivo ou rede capturada pelo lsof.
----------------------------------------
[File/Network Activity] rsyslogd 207 syslog  mem    REG               8,32    39024       6646 /usr/lib/x86_64-linux-gnu/libcap.so.2.44
 - Descrição: Atividade de arquivo ou rede capturada pelo lsof.
----------------------------------------
[File/Network Activity] rsyslogd 207 syslog  mem    REG               8,32   125152       6798 /usr/lib/x86_64-linux-gnu/liblz4.so.1.9.3
 - Descrição: Atividade de arquivo ou rede capturada pelo lsof.
----------------------------------------
[File/Network Activity] rsyslogd 207 syslog  mem    REG               8,32   841808       6999 /usr/lib/x86_64-linux-gnu/libzstd.so.1.4.8
 - Descrição: Atividade de arquivo ou rede capturada pelo lsof.
----------------------------------------
[File/Network Activity] rsyslogd 207 syslog  mem    REG               8,32   170456       6800 /usr/lib/x86_64-linux-gnu/liblzma.so.5.2.5
 - Descrição: Atividade de arquivo ou rede capturada pelo lsof.
----------------------------------------
[File/Network Activity] rsyslogd 207 syslog  mem    REG               8,32  2220400       6578 /usr/lib/x86_64-linux-gnu/libc.so.6
 - Descrição: Atividade de arquivo ou rede capturada pelo lsof.
----------------------------------------
[File/Network Activity] rsyslogd 207 syslog  mem    REG               8,32    30936       1655 /usr/lib/x86_64-linux-gnu/libuuid.so.1.3.0
 - Descrição: Atividade de arquivo ou rede capturada pelo lsof.
----------------------------------------
[File/Network Activity] rsyslogd 207 syslog  mem    REG               8,32   807936       1422 /usr/lib/x86_64-linux-gnu/libsystemd.so.0.32.0
 - Descrição: Atividade de arquivo ou rede capturada pelo lsof.
----------------------------------------
[File/Network Activity] rsyslogd 207 syslog  mem    REG               8,32    51816       6696 /usr/lib/x86_64-linux-gnu/libfastjson.so.4.3.0
 - Descrição: Atividade de arquivo ou rede capturada pelo lsof.
----------------------------------------
[File/Network Activity] rsyslogd 207 syslog  mem    REG               8,32    14496       6686 /usr/lib/x86_64-linux-gnu/libestr.so.0.0.0
 - Descrição: Atividade de arquivo ou rede capturada pelo lsof.
----------------------------------------
[File/Network Activity] rsyslogd 207 syslog  mem    REG               8,32   940560       6581 /usr/lib/x86_64-linux-gnu/libm.so.6
 - Descrição: Atividade de arquivo ou rede capturada pelo lsof.
----------------------------------------
[File/Network Activity] rsyslogd 207 syslog  mem    REG               8,32   108936       6997 /usr/lib/x86_64-linux-gnu/libz.so.1.2.11
 - Descrição: Atividade de arquivo ou rede capturada pelo lsof.
----------------------------------------
[File/Network Activity] rsyslogd 207 syslog  mem    REG               8,32   240936       6575 /usr/lib/x86_64-linux-gnu/ld-linux-x86-64.so.2
 - Descrição: Atividade de arquivo ou rede capturada pelo lsof.
----------------------------------------
[Outras Ações] rsyslogd 207 syslog    0r   CHR                1,3      0t0          3 /dev/null
 - Descrição: Ação não categorizada ou desconhecida.
----------------------------------------
[Outras Ações] rsyslogd 207 syslog    1w   CHR                1,3      0t0          3 /dev/null
 - Descrição: Ação não categorizada ou desconhecida.
----------------------------------------
[Outras Ações] rsyslogd 207 syslog    2w   CHR                1,3      0t0          3 /dev/null
 - Descrição: Ação não categorizada ou desconhecida.
----------------------------------------
[Outras Ações] rsyslogd 207 syslog    3u  unix 0xffff88ce80208cc0      0t0      19528 /run/systemd/journal/syslog type=DGRAM
 - Descrição: Ação não categorizada ou desconhecida.
----------------------------------------
[Outras Ações] rsyslogd 207 syslog    4r   CHR                1,9      0t0          7 /dev/urandom
 - Descrição: Ação não categorizada ou desconhecida.
----------------------------------------
[File/Network Activity] rsyslogd 207 syslog    5r   REG               0,63        0 4026532025 /proc/kmsg
 - Descrição: Atividade de arquivo ou rede capturada pelo lsof.
----------------------------------------
[Outras Ações] rsyslogd 207 syslog    6u  unix 0xffff88ce85db0440      0t0      21700 type=DGRAM
 - Descrição: Ação não categorizada ou desconhecida.
----------------------------------------
[File/Network Activity] rsyslogd 207 syslog    7w   REG               8,32    10029       2182 /var/log/syslog
 - Descrição: Atividade de arquivo ou rede capturada pelo lsof.
----------------------------------------
[File/Network Activity] rsyslogd 207 syslog    8w   REG               8,32      837       3660 /var/log/auth.log
 - Descrição: Atividade de arquivo ou rede capturada pelo lsof.
----------------------------------------
[File/Network Activity] rsyslogd 207 syslog    9w   REG               8,32     1754       3659 /var/log/kern.log
 - Descrição: Atividade de arquivo ou rede capturada pelo lsof.
----------------------------------------
[Outras Ações] =======
 - Descrição: Ação não categorizada ou desconhecida.
----------------------------------------
[Outras Ações] COMMAND  PID   USER   FD   TYPE             DEVICE SIZE/OFF       NODE NAME
 - Descrição: Ação não categorizada ou desconhecida.
----------------------------------------
[File/Network Activity] rsyslogd 207 syslog  cwd    DIR               8,32     4096          2 /
 - Descrição: Atividade de arquivo ou rede capturada pelo lsof.
----------------------------------------
[File/Network Activity] rsyslogd 207 syslog  rtd    DIR               8,32     4096          2 /
 - Descrição: Atividade de arquivo ou rede capturada pelo lsof.
----------------------------------------
[File/Network Activity] rsyslogd 207 syslog  txt    REG               8,32   785600       8746 /usr/sbin/rsyslogd
 - Descrição: Atividade de arquivo ou rede capturada pelo lsof.
----------------------------------------
[File/Network Activity] rsyslogd 207 syslog  mem    REG               8,32   309600       1321 /usr/lib/x86_64-linux-gnu/libnss_systemd.so.2
 - Descrição: Atividade de arquivo ou rede capturada pelo lsof.
----------------------------------------
[File/Network Activity] rsyslogd 207 syslog  mem    REG               8,32    28136       8257 /usr/lib/x86_64-linux-gnu/rsyslog/imklog.so
 - Descrição: Atividade de arquivo ou rede capturada pelo lsof.
----------------------------------------
[File/Network Activity] rsyslogd 207 syslog  mem    REG               8,32    41080       8264 /usr/lib/x86_64-linux-gnu/rsyslog/imuxsock.so
 - Descrição: Atividade de arquivo ou rede capturada pelo lsof.
----------------------------------------
[File/Network Activity] rsyslogd 207 syslog  mem    REG               8,32    31704       8265 /usr/lib/x86_64-linux-gnu/rsyslog/lmnet.so
 - Descrição: Atividade de arquivo ou rede capturada pelo lsof.
----------------------------------------
[File/Network Activity] rsyslogd 207 syslog  mem    REG               8,32   149760       6731 /usr/lib/x86_64-linux-gnu/libgpg-error.so.0.32.1
 - Descrição: Atividade de arquivo ou rede capturada pelo lsof.
----------------------------------------
[File/Network Activity] rsyslogd 207 syslog  mem    REG               8,32  1296312       6711 /usr/lib/x86_64-linux-gnu/libgcrypt.so.20.3.4
 - Descrição: Atividade de arquivo ou rede capturada pelo lsof.
----------------------------------------
[File/Network Activity] rsyslogd 207 syslog  mem    REG               8,32    39024       6646 /usr/lib/x86_64-linux-gnu/libcap.so.2.44
 - Descrição: Atividade de arquivo ou rede capturada pelo lsof.
----------------------------------------
[File/Network Activity] rsyslogd 207 syslog  mem    REG               8,32   125152       6798 /usr/lib/x86_64-linux-gnu/liblz4.so.1.9.3
 - Descrição: Atividade de arquivo ou rede capturada pelo lsof.
----------------------------------------
[File/Network Activity] rsyslogd 207 syslog  mem    REG               8,32   841808       6999 /usr/lib/x86_64-linux-gnu/libzstd.so.1.4.8
 - Descrição: Atividade de arquivo ou rede capturada pelo lsof.
----------------------------------------
[File/Network Activity] rsyslogd 207 syslog  mem    REG               8,32   170456       6800 /usr/lib/x86_64-linux-gnu/liblzma.so.5.2.5
 - Descrição: Atividade de arquivo ou rede capturada pelo lsof.
----------------------------------------
[File/Network Activity] rsyslogd 207 syslog  mem    REG               8,32  2220400       6578 /usr/lib/x86_64-linux-gnu/libc.so.6
 - Descrição: Atividade de arquivo ou rede capturada pelo lsof.
----------------------------------------
[File/Network Activity] rsyslogd 207 syslog  mem    REG               8,32    30936       1655 /usr/lib/x86_64-linux-gnu/libuuid.so.1.3.0
 - Descrição: Atividade de arquivo ou rede capturada pelo lsof.
----------------------------------------
[File/Network Activity] rsyslogd 207 syslog  mem    REG               8,32   807936       1422 /usr/lib/x86_64-linux-gnu/libsystemd.so.0.32.0
 - Descrição: Atividade de arquivo ou rede capturada pelo lsof.
----------------------------------------
[File/Network Activity] rsyslogd 207 syslog  mem    REG               8,32    51816       6696 /usr/lib/x86_64-linux-gnu/libfastjson.so.4.3.0
 - Descrição: Atividade de arquivo ou rede capturada pelo lsof.
----------------------------------------
[File/Network Activity] rsyslogd 207 syslog  mem    REG               8,32    14496       6686 /usr/lib/x86_64-linux-gnu/libestr.so.0.0.0
 - Descrição: Atividade de arquivo ou rede capturada pelo lsof.
----------------------------------------
[File/Network Activity] rsyslogd 207 syslog  mem    REG               8,32   940560       6581 /usr/lib/x86_64-linux-gnu/libm.so.6
 - Descrição: Atividade de arquivo ou rede capturada pelo lsof.
----------------------------------------
[File/Network Activity] rsyslogd 207 syslog  mem    REG               8,32   108936       6997 /usr/lib/x86_64-linux-gnu/libz.so.1.2.11
 - Descrição: Atividade de arquivo ou rede capturada pelo lsof.
----------------------------------------
[File/Network Activity] rsyslogd 207 syslog  mem    REG               8,32   240936       6575 /usr/lib/x86_64-linux-gnu/ld-linux-x86-64.so.2
 - Descrição: Atividade de arquivo ou rede capturada pelo lsof.
----------------------------------------
[Outras Ações] rsyslogd 207 syslog    0r   CHR                1,3      0t0          3 /dev/null
 - Descrição: Ação não categorizada ou desconhecida.
----------------------------------------
[Outras Ações] rsyslogd 207 syslog    1w   CHR                1,3      0t0          3 /dev/null
 - Descrição: Ação não categorizada ou desconhecida.
----------------------------------------
[Outras Ações] rsyslogd 207 syslog    2w   CHR                1,3      0t0          3 /dev/null
 - Descrição: Ação não categorizada ou desconhecida.
----------------------------------------
[Outras Ações] rsyslogd 207 syslog    3u  unix 0xffff88ce80208cc0      0t0      19528 /run/systemd/journal/syslog type=DGRAM
 - Descrição: Ação não categorizada ou desconhecida.
----------------------------------------
[Outras Ações] rsyslogd 207 syslog    4r   CHR                1,9      0t0          7 /dev/urandom
 - Descrição: Ação não categorizada ou desconhecida.
----------------------------------------
[File/Network Activity] rsyslogd 207 syslog    5r   REG               0,63        0 4026532025 /proc/kmsg
 - Descrição: Atividade de arquivo ou rede capturada pelo lsof.
----------------------------------------
[Outras Ações] rsyslogd 207 syslog    6u  unix 0xffff88ce85db0440      0t0      21700 type=DGRAM
 - Descrição: Ação não categorizada ou desconhecida.
----------------------------------------
[File/Network Activity] rsyslogd 207 syslog    7w   REG               8,32    10029       2182 /var/log/syslog
 - Descrição: Atividade de arquivo ou rede capturada pelo lsof.
----------------------------------------
[File/Network Activity] rsyslogd 207 syslog    8w   REG               8,32      837       3660 /var/log/auth.log
 - Descrição: Atividade de arquivo ou rede capturada pelo lsof.
----------------------------------------
[File/Network Activity] rsyslogd 207 syslog    9w   REG               8,32     1754       3659 /var/log/kern.log
 - Descrição: Atividade de arquivo ou rede capturada pelo lsof.
----------------------------------------
[Outras Ações] =======
 - Descrição: Ação não categorizada ou desconhecida.
----------------------------------------
[Outras Ações] COMMAND  PID   USER   FD   TYPE             DEVICE SIZE/OFF       NODE NAME
 - Descrição: Ação não categorizada ou desconhecida.
----------------------------------------
[File/Network Activity] rsyslogd 207 syslog  cwd    DIR               8,32     4096          2 /
 - Descrição: Atividade de arquivo ou rede capturada pelo lsof.
----------------------------------------
[File/Network Activity] rsyslogd 207 syslog  rtd    DIR               8,32     4096          2 /
 - Descrição: Atividade de arquivo ou rede capturada pelo lsof.
----------------------------------------
[File/Network Activity] rsyslogd 207 syslog  txt    REG               8,32   785600       8746 /usr/sbin/rsyslogd
 - Descrição: Atividade de arquivo ou rede capturada pelo lsof.
----------------------------------------
[File/Network Activity] rsyslogd 207 syslog  mem    REG               8,32   309600       1321 /usr/lib/x86_64-linux-gnu/libnss_systemd.so.2
 - Descrição: Atividade de arquivo ou rede capturada pelo lsof.
----------------------------------------
[File/Network Activity] rsyslogd 207 syslog  mem    REG               8,32    28136       8257 /usr/lib/x86_64-linux-gnu/rsyslog/imklog.so
 - Descrição: Atividade de arquivo ou rede capturada pelo lsof.
----------------------------------------
[File/Network Activity] rsyslogd 207 syslog  mem    REG               8,32    41080       8264 /usr/lib/x86_64-linux-gnu/rsyslog/imuxsock.so
 - Descrição: Atividade de arquivo ou rede capturada pelo lsof.
----------------------------------------
[File/Network Activity] rsyslogd 207 syslog  mem    REG               8,32    31704       8265 /usr/lib/x86_64-linux-gnu/rsyslog/lmnet.so
 - Descrição: Atividade de arquivo ou rede capturada pelo lsof.
----------------------------------------
[File/Network Activity] rsyslogd 207 syslog  mem    REG               8,32   149760       6731 /usr/lib/x86_64-linux-gnu/libgpg-error.so.0.32.1
 - Descrição: Atividade de arquivo ou rede capturada pelo lsof.
----------------------------------------
[File/Network Activity] rsyslogd 207 syslog  mem    REG               8,32  1296312       6711 /usr/lib/x86_64-linux-gnu/libgcrypt.so.20.3.4
 - Descrição: Atividade de arquivo ou rede capturada pelo lsof.
----------------------------------------
[File/Network Activity] rsyslogd 207 syslog  mem    REG               8,32    39024       6646 /usr/lib/x86_64-linux-gnu/libcap.so.2.44
 - Descrição: Atividade de arquivo ou rede capturada pelo lsof.
----------------------------------------
[File/Network Activity] rsyslogd 207 syslog  mem    REG               8,32   125152       6798 /usr/lib/x86_64-linux-gnu/liblz4.so.1.9.3
 - Descrição: Atividade de arquivo ou rede capturada pelo lsof.
----------------------------------------
[File/Network Activity] rsyslogd 207 syslog  mem    REG               8,32   841808       6999 /usr/lib/x86_64-linux-gnu/libzstd.so.1.4.8
 - Descrição: Atividade de arquivo ou rede capturada pelo lsof.
----------------------------------------
[File/Network Activity] rsyslogd 207 syslog  mem    REG               8,32   170456       6800 /usr/lib/x86_64-linux-gnu/liblzma.so.5.2.5
 - Descrição: Atividade de arquivo ou rede capturada pelo lsof.
----------------------------------------
[File/Network Activity] rsyslogd 207 syslog  mem    REG               8,32  2220400       6578 /usr/lib/x86_64-linux-gnu/libc.so.6
 - Descrição: Atividade de arquivo ou rede capturada pelo lsof.
----------------------------------------
[File/Network Activity] rsyslogd 207 syslog  mem    REG               8,32    30936       1655 /usr/lib/x86_64-linux-gnu/libuuid.so.1.3.0
 - Descrição: Atividade de arquivo ou rede capturada pelo lsof.
----------------------------------------
[File/Network Activity] rsyslogd 207 syslog  mem    REG               8,32   807936       1422 /usr/lib/x86_64-linux-gnu/libsystemd.so.0.32.0
 - Descrição: Atividade de arquivo ou rede capturada pelo lsof.
----------------------------------------
[File/Network Activity] rsyslogd 207 syslog  mem    REG               8,32    51816       6696 /usr/lib/x86_64-linux-gnu/libfastjson.so.4.3.0
 - Descrição: Atividade de arquivo ou rede capturada pelo lsof.
----------------------------------------
[File/Network Activity] rsyslogd 207 syslog  mem    REG               8,32    14496       6686 /usr/lib/x86_64-linux-gnu/libestr.so.0.0.0
 - Descrição: Atividade de arquivo ou rede capturada pelo lsof.
----------------------------------------
[File/Network Activity] rsyslogd 207 syslog  mem    REG               8,32   940560       6581 /usr/lib/x86_64-linux-gnu/libm.so.6
 - Descrição: Atividade de arquivo ou rede capturada pelo lsof.
----------------------------------------
[File/Network Activity] rsyslogd 207 syslog  mem    REG               8,32   108936       6997 /usr/lib/x86_64-linux-gnu/libz.so.1.2.11
 - Descrição: Atividade de arquivo ou rede capturada pelo lsof.
----------------------------------------
[File/Network Activity] rsyslogd 207 syslog  mem    REG               8,32   240936       6575 /usr/lib/x86_64-linux-gnu/ld-linux-x86-64.so.2
 - Descrição: Atividade de arquivo ou rede capturada pelo lsof.
----------------------------------------
[Outras Ações] rsyslogd 207 syslog    0r   CHR                1,3      0t0          3 /dev/null
 - Descrição: Ação não categorizada ou desconhecida.
----------------------------------------
[Outras Ações] rsyslogd 207 syslog    1w   CHR                1,3      0t0          3 /dev/null
 - Descrição: Ação não categorizada ou desconhecida.
----------------------------------------
[Outras Ações] rsyslogd 207 syslog    2w   CHR                1,3      0t0          3 /dev/null
 - Descrição: Ação não categorizada ou desconhecida.
----------------------------------------
[Outras Ações] rsyslogd 207 syslog    3u  unix 0xffff88ce80208cc0      0t0      19528 /run/systemd/journal/syslog type=DGRAM
 - Descrição: Ação não categorizada ou desconhecida.
----------------------------------------
[Outras Ações] rsyslogd 207 syslog    4r   CHR                1,9      0t0          7 /dev/urandom
 - Descrição: Ação não categorizada ou desconhecida.
----------------------------------------
[File/Network Activity] rsyslogd 207 syslog    5r   REG               0,63        0 4026532025 /proc/kmsg
 - Descrição: Atividade de arquivo ou rede capturada pelo lsof.
----------------------------------------
[Outras Ações] rsyslogd 207 syslog    6u  unix 0xffff88ce85db0440      0t0      21700 type=DGRAM
 - Descrição: Ação não categorizada ou desconhecida.
----------------------------------------
[File/Network Activity] rsyslogd 207 syslog    7w   REG               8,32    10029       2182 /var/log/syslog
 - Descrição: Atividade de arquivo ou rede capturada pelo lsof.
----------------------------------------
[File/Network Activity] rsyslogd 207 syslog    8w   REG               8,32      837       3660 /var/log/auth.log
 - Descrição: Atividade de arquivo ou rede capturada pelo lsof.
----------------------------------------
[File/Network Activity] rsyslogd 207 syslog    9w   REG               8,32     1754       3659 /var/log/kern.log
 - Descrição: Atividade de arquivo ou rede capturada pelo lsof.
----------------------------------------
[Outras Ações] =======
 - Descrição: Ação não categorizada ou desconhecida.
----------------------------------------
[Outras Ações] COMMAND  PID   USER   FD   TYPE             DEVICE SIZE/OFF       NODE NAME
 - Descrição: Ação não categorizada ou desconhecida.
----------------------------------------
[File/Network Activity] rsyslogd 207 syslog  cwd    DIR               8,32     4096          2 /
 - Descrição: Atividade de arquivo ou rede capturada pelo lsof.
----------------------------------------
[File/Network Activity] rsyslogd 207 syslog  rtd    DIR               8,32     4096          2 /
 - Descrição: Atividade de arquivo ou rede capturada pelo lsof.
----------------------------------------
[File/Network Activity] rsyslogd 207 syslog  txt    REG               8,32   785600       8746 /usr/sbin/rsyslogd
 - Descrição: Atividade de arquivo ou rede capturada pelo lsof.
----------------------------------------
[File/Network Activity] rsyslogd 207 syslog  mem    REG               8,32   309600       1321 /usr/lib/x86_64-linux-gnu/libnss_systemd.so.2
 - Descrição: Atividade de arquivo ou rede capturada pelo lsof.
----------------------------------------
[File/Network Activity] rsyslogd 207 syslog  mem    REG               8,32    28136       8257 /usr/lib/x86_64-linux-gnu/rsyslog/imklog.so
 - Descrição: Atividade de arquivo ou rede capturada pelo lsof.
----------------------------------------
[File/Network Activity] rsyslogd 207 syslog  mem    REG               8,32    41080       8264 /usr/lib/x86_64-linux-gnu/rsyslog/imuxsock.so
 - Descrição: Atividade de arquivo ou rede capturada pelo lsof.
----------------------------------------
[File/Network Activity] rsyslogd 207 syslog  mem    REG               8,32    31704       8265 /usr/lib/x86_64-linux-gnu/rsyslog/lmnet.so
 - Descrição: Atividade de arquivo ou rede capturada pelo lsof.
----------------------------------------
[File/Network Activity] rsyslogd 207 syslog  mem    REG               8,32   149760       6731 /usr/lib/x86_64-linux-gnu/libgpg-error.so.0.32.1
 - Descrição: Atividade de arquivo ou rede capturada pelo lsof.
----------------------------------------
[File/Network Activity] rsyslogd 207 syslog  mem    REG               8,32  1296312       6711 /usr/lib/x86_64-linux-gnu/libgcrypt.so.20.3.4
 - Descrição: Atividade de arquivo ou rede capturada pelo lsof.
----------------------------------------
[File/Network Activity] rsyslogd 207 syslog  mem    REG               8,32    39024       6646 /usr/lib/x86_64-linux-gnu/libcap.so.2.44
 - Descrição: Atividade de arquivo ou rede capturada pelo lsof.
----------------------------------------
[File/Network Activity] rsyslogd 207 syslog  mem    REG               8,32   125152       6798 /usr/lib/x86_64-linux-gnu/liblz4.so.1.9.3
 - Descrição: Atividade de arquivo ou rede capturada pelo lsof.
----------------------------------------
[File/Network Activity] rsyslogd 207 syslog  mem    REG               8,32   841808       6999 /usr/lib/x86_64-linux-gnu/libzstd.so.1.4.8
 - Descrição: Atividade de arquivo ou rede capturada pelo lsof.
----------------------------------------
[File/Network Activity] rsyslogd 207 syslog  mem    REG               8,32   170456       6800 /usr/lib/x86_64-linux-gnu/liblzma.so.5.2.5
 - Descrição: Atividade de arquivo ou rede capturada pelo lsof.
----------------------------------------
[File/Network Activity] rsyslogd 207 syslog  mem    REG               8,32  2220400       6578 /usr/lib/x86_64-linux-gnu/libc.so.6
 - Descrição: Atividade de arquivo ou rede capturada pelo lsof.
----------------------------------------
[File/Network Activity] rsyslogd 207 syslog  mem    REG               8,32    30936       1655 /usr/lib/x86_64-linux-gnu/libuuid.so.1.3.0
 - Descrição: Atividade de arquivo ou rede capturada pelo lsof.
----------------------------------------
[File/Network Activity] rsyslogd 207 syslog  mem    REG               8,32   807936       1422 /usr/lib/x86_64-linux-gnu/libsystemd.so.0.32.0
 - Descrição: Atividade de arquivo ou rede capturada pelo lsof.
----------------------------------------
[File/Network Activity] rsyslogd 207 syslog  mem    REG               8,32    51816       6696 /usr/lib/x86_64-linux-gnu/libfastjson.so.4.3.0
 - Descrição: Atividade de arquivo ou rede capturada pelo lsof.
----------------------------------------
[File/Network Activity] rsyslogd 207 syslog  mem    REG               8,32    14496       6686 /usr/lib/x86_64-linux-gnu/libestr.so.0.0.0
 - Descrição: Atividade de arquivo ou rede capturada pelo lsof.
----------------------------------------
[File/Network Activity] rsyslogd 207 syslog  mem    REG               8,32   940560       6581 /usr/lib/x86_64-linux-gnu/libm.so.6
 - Descrição: Atividade de arquivo ou rede capturada pelo lsof.
----------------------------------------
[File/Network Activity] rsyslogd 207 syslog  mem    REG               8,32   108936       6997 /usr/lib/x86_64-linux-gnu/libz.so.1.2.11
 - Descrição: Atividade de arquivo ou rede capturada pelo lsof.
----------------------------------------
[File/Network Activity] rsyslogd 207 syslog  mem    REG               8,32   240936       6575 /usr/lib/x86_64-linux-gnu/ld-linux-x86-64.so.2
 - Descrição: Atividade de arquivo ou rede capturada pelo lsof.
----------------------------------------
[Outras Ações] rsyslogd 207 syslog    0r   CHR                1,3      0t0          3 /dev/null
 - Descrição: Ação não categorizada ou desconhecida.
----------------------------------------
[Outras Ações] rsyslogd 207 syslog    1w   CHR                1,3      0t0          3 /dev/null
 - Descrição: Ação não categorizada ou desconhecida.
----------------------------------------
[Outras Ações] rsyslogd 207 syslog    2w   CHR                1,3      0t0          3 /dev/null
 - Descrição: Ação não categorizada ou desconhecida.
----------------------------------------
[Outras Ações] rsyslogd 207 syslog    3u  unix 0xffff88ce80208cc0      0t0      19528 /run/systemd/journal/syslog type=DGRAM
 - Descrição: Ação não categorizada ou desconhecida.
----------------------------------------
[Outras Ações] rsyslogd 207 syslog    4r   CHR                1,9      0t0          7 /dev/urandom
 - Descrição: Ação não categorizada ou desconhecida.
----------------------------------------
[File/Network Activity] rsyslogd 207 syslog    5r   REG               0,63        0 4026532025 /proc/kmsg
 - Descrição: Atividade de arquivo ou rede capturada pelo lsof.
----------------------------------------
[Outras Ações] rsyslogd 207 syslog    6u  unix 0xffff88ce85db0440      0t0      21700 type=DGRAM
 - Descrição: Ação não categorizada ou desconhecida.
----------------------------------------
[File/Network Activity] rsyslogd 207 syslog    7w   REG               8,32    10029       2182 /var/log/syslog
 - Descrição: Atividade de arquivo ou rede capturada pelo lsof.
----------------------------------------
[File/Network Activity] rsyslogd 207 syslog    8w   REG               8,32      837       3660 /var/log/auth.log
 - Descrição: Atividade de arquivo ou rede capturada pelo lsof.
----------------------------------------
[File/Network Activity] rsyslogd 207 syslog    9w   REG               8,32     1754       3659 /var/log/kern.log
 - Descrição: Atividade de arquivo ou rede capturada pelo lsof.
----------------------------------------
[Outras Ações] =======
 - Descrição: Ação não categorizada ou desconhecida.
----------------------------------------
====================================================
Resumo da Interpretação:
 - Total de ações processadas: 455
 - Chamadas de sistema relacionadas a I/O de arquivos: 41
 - Chamadas de sistema relacionadas a operações de rede: 0
 - Chamadas de sistema relacionadas ao gerenciamento de processos: 78
 - Chamadas de sistema relacionadas ao gerenciamento de memória: 0
 - Outras atividades capturadas (arquivo/rede): 250
 - Outras ações não categorizadas: 86
====================================================
